mode: set
skzhw/docker-go-backend/db/sqlc/transfer.sql.go:26.99,37.2 4 1
skzhw/docker-go-backend/db/sqlc/transfer.sql.go:44.80,55.2 4 1
skzhw/docker-go-backend/db/sqlc/transfer.sql.go:74.99,81.16 2 0
skzhw/docker-go-backend/db/sqlc/transfer.sql.go:84.2,86.18 3 0
skzhw/docker-go-backend/db/sqlc/transfer.sql.go:99.2,99.37 1 0
skzhw/docker-go-backend/db/sqlc/transfer.sql.go:102.2,102.35 1 0
skzhw/docker-go-backend/db/sqlc/transfer.sql.go:105.2,105.19 1 0
skzhw/docker-go-backend/db/sqlc/transfer.sql.go:81.16,83.3 1 0
skzhw/docker-go-backend/db/sqlc/transfer.sql.go:86.18,94.17 2 0
skzhw/docker-go-backend/db/sqlc/transfer.sql.go:97.3,97.27 1 0
skzhw/docker-go-backend/db/sqlc/transfer.sql.go:94.17,96.4 1 0
skzhw/docker-go-backend/db/sqlc/transfer.sql.go:99.37,101.3 1 0
skzhw/docker-go-backend/db/sqlc/transfer.sql.go:102.35,104.3 1 0
skzhw/docker-go-backend/db/sqlc/account.sql.go:22.104,33.2 4 1
skzhw/docker-go-backend/db/sqlc/account.sql.go:52.98,63.2 4 1
skzhw/docker-go-backend/db/sqlc/account.sql.go:69.70,72.2 2 1
skzhw/docker-go-backend/db/sqlc/account.sql.go:79.78,90.2 4 1
skzhw/docker-go-backend/db/sqlc/account.sql.go:97.87,108.2 4 0
skzhw/docker-go-backend/db/sqlc/account.sql.go:122.96,124.16 2 1
skzhw/docker-go-backend/db/sqlc/account.sql.go:127.2,129.18 3 1
skzhw/docker-go-backend/db/sqlc/account.sql.go:142.2,142.37 1 1
skzhw/docker-go-backend/db/sqlc/account.sql.go:145.2,145.35 1 1
skzhw/docker-go-backend/db/sqlc/account.sql.go:148.2,148.19 1 1
skzhw/docker-go-backend/db/sqlc/account.sql.go:124.16,126.3 1 0
skzhw/docker-go-backend/db/sqlc/account.sql.go:129.18,137.17 2 1
skzhw/docker-go-backend/db/sqlc/account.sql.go:140.3,140.27 1 1
skzhw/docker-go-backend/db/sqlc/account.sql.go:137.17,139.4 1 0
skzhw/docker-go-backend/db/sqlc/account.sql.go:142.37,144.3 1 0
skzhw/docker-go-backend/db/sqlc/account.sql.go:145.35,147.3 1 0
skzhw/docker-go-backend/db/sqlc/account.sql.go:163.96,174.2 4 1
skzhw/docker-go-backend/db/sqlc/db.go:17.28,19.2 1 1
skzhw/docker-go-backend/db/sqlc/db.go:25.47,29.2 1 0
skzhw/docker-go-backend/db/sqlc/entry.sql.go:24.90,34.2 4 1
skzhw/docker-go-backend/db/sqlc/entry.sql.go:41.74,51.2 4 0
skzhw/docker-go-backend/db/sqlc/entry.sql.go:67.92,69.16 2 0
skzhw/docker-go-backend/db/sqlc/entry.sql.go:72.2,74.18 3 0
skzhw/docker-go-backend/db/sqlc/entry.sql.go:86.2,86.37 1 0
skzhw/docker-go-backend/db/sqlc/entry.sql.go:89.2,89.35 1 0
skzhw/docker-go-backend/db/sqlc/entry.sql.go:92.2,92.19 1 0
skzhw/docker-go-backend/db/sqlc/entry.sql.go:69.16,71.3 1 0
skzhw/docker-go-backend/db/sqlc/entry.sql.go:74.18,81.17 2 0
skzhw/docker-go-backend/db/sqlc/entry.sql.go:84.3,84.27 1 0
skzhw/docker-go-backend/db/sqlc/entry.sql.go:81.17,83.4 1 0
skzhw/docker-go-backend/db/sqlc/entry.sql.go:86.37,88.3 1 0
skzhw/docker-go-backend/db/sqlc/entry.sql.go:89.35,91.3 1 0
skzhw/docker-go-backend/db/sqlc/store.go:17.34,22.2 1 1
skzhw/docker-go-backend/db/sqlc/store.go:25.80,27.16 2 1
skzhw/docker-go-backend/db/sqlc/store.go:31.2,33.16 3 1
skzhw/docker-go-backend/db/sqlc/store.go:39.2,39.20 1 1
skzhw/docker-go-backend/db/sqlc/store.go:27.16,29.3 1 0
skzhw/docker-go-backend/db/sqlc/store.go:33.16,34.43 1 0
skzhw/docker-go-backend/db/sqlc/store.go:34.43,36.4 1 0
skzhw/docker-go-backend/db/sqlc/store.go:61.101,63.50 2 1
skzhw/docker-go-backend/db/sqlc/store.go:109.2,109.20 1 1
skzhw/docker-go-backend/db/sqlc/store.go:63.50,72.17 3 1
skzhw/docker-go-backend/db/sqlc/store.go:75.3,79.17 2 1
skzhw/docker-go-backend/db/sqlc/store.go:82.3,86.17 2 1
skzhw/docker-go-backend/db/sqlc/store.go:91.3,95.17 2 1
skzhw/docker-go-backend/db/sqlc/store.go:98.3,102.17 2 1
skzhw/docker-go-backend/db/sqlc/store.go:106.3,106.13 1 1
skzhw/docker-go-backend/db/sqlc/store.go:72.17,74.4 1 0
skzhw/docker-go-backend/db/sqlc/store.go:79.17,81.4 1 0
skzhw/docker-go-backend/db/sqlc/store.go:86.17,88.4 1 0
skzhw/docker-go-backend/db/sqlc/store.go:95.17,97.4 1 0
skzhw/docker-go-backend/db/sqlc/store.go:102.17,104.4 1 0
